<?xml version="1.0" encoding="UTF-8"?>
<testng-results ignored="0" total="1" passed="1" failed="0" skipped="0">
  <reporter-output>
    <line>
      <![CDATA[onStart method finishedActionHandler]]>
    </line>
    <line>
      <![CDATA[onFinish method finished homepages]]>
    </line>
  </reporter-output>
  <suite started-at="2022-06-09T19:22:53 IST" name="Default Suite" finished-at="2022-06-09T19:22:55 IST" duration-ms="1034">
    <groups>
    </groups>
    <test started-at="2022-06-09T19:22:53 IST" name="ActionHandler" finished-at="2022-06-09T19:22:55 IST" duration-ms="1034">
      <class name="pages.homepageTest">
        <test-method is-config="true" signature="setup()[pri:0, instance:pages.homepageTest@501edcf1]" started-at="2022-06-09T19:22:51 IST" name="setup" finished-at="2022-06-09T19:22:53 IST" duration-ms="2553" status="PASS">
          <reporter-output>
          </reporter-output>
        </test-method> <!-- setup -->
        <test-method is-config="true" signature="init()[pri:0, instance:pages.homepageTest@501edcf1]" started-at="2022-06-09T19:22:53 IST" name="init" finished-at="2022-06-09T19:22:54 IST" duration-ms="14" status="PASS">
          <reporter-output>
          </reporter-output>
        </test-method> <!-- init -->
        <test-method signature="HomePage()[pri:0, instance:pages.homepageTest@501edcf1]" started-at="2022-06-09T19:22:54 IST" name="HomePage" finished-at="2022-06-09T19:22:55 IST" duration-ms="1002" status="PASS">
          <reporter-output>
            <line>
              <![CDATA[onFinish method finished homepages]]>
            </line>
          </reporter-output>
        </test-method> <!-- HomePage -->
        <test-method is-config="true" signature="exit()[pri:0, instance:pages.homepageTest@501edcf1]" started-at="2022-06-09T19:22:55 IST" name="exit" finished-at="2022-06-09T19:22:55 IST" duration-ms="42" status="PASS">
          <reporter-output>
          </reporter-output>
        </test-method> <!-- exit -->
      </class> <!-- pages.homepageTest -->
    </test> <!-- ActionHandler -->
  </suite> <!-- Default Suite -->
</testng-results>
